Added Net: Name=GND
Added Net: Name=LED1
Added Net: Name=LED2
Added Net: Name=LED3
Added Net: Name=LED4
Added Net: Name=LED5
Added Net: Name=LED6
Added Net: Name=LED7
Added Net: Name=LED8
Added Net: Name=NetLED1_2
Added Net: Name=NetLED2_2
Added Net: Name=NetLED3_2
Added Net: Name=NetLED4_2
Added Net: Name=NetLED5_2
Added Net: Name=NetLED6_2
Added Net: Name=NetLED7_2
Added Net: Name=NetLED8_2
Added Net: Name=NetP1_10
Added Net: Name=NetP1_11
Added Net: Name=NetP1_12
Added Net: Name=NetP1_13
Added Net: Name=NetP1_14
Added Net: Name=NetP1_15
Added Net: Name=NetP1_16
Added Net: Name=NetP1_17
Added Net: Name=NetP1_18
Added Net: Name=NetP1_19
Added Net: Name=NetP1_20
Added Net: Name=NetP2_10
Added Net: Name=NetP2_11
Added Net: Name=NetP2_12
Added Net: Name=NetP2_13
Added Net: Name=NetP2_14
Added Net: Name=NetP2_15
Added Net: Name=NetP2_16
Added Net: Name=NetP2_17
Added Net: Name=P00
Added Net: Name=P01
Added Net: Name=P02
Added Net: Name=P03
Added Net: Name=P04
Added Net: Name=P05
Added Net: Name=P06
Added Net: Name=P07
Added Net: Name=RST
Added Net: Name=VCC
Added Net: Name=X1
Added Net: Name=X2
Added Class: Name=Sheet1
Added Room: Name=Sheet1
