Change Component Designator: OldDesignator=LED? NewDesignator=LED1
Change Component Designator: OldDesignator=LED? NewDesignator=LED2
Change Component Designator: OldDesignator=LED? NewDesignator=LED3
Change Component Designator: OldDesignator=LED? NewDesignator=LED4
Change Component Designator: OldDesignator=LED? NewDesignator=LED5
Change Component Designator: OldDesignator=LED? NewDesignator=LED6
Change Component Designator: OldDesignator=LED? NewDesignator=LED7
Change Component Designator: OldDesignator=LED? NewDesignator=LED8
Added Pin To Net: NetName=VCC Pin=LED2-1
Added Pin To Net: NetName=VCC Pin=LED3-1
Added Pin To Net: NetName=VCC Pin=LED4-1
Added Pin To Net: NetName=VCC Pin=LED5-1
Added Pin To Net: NetName=VCC Pin=LED6-1
Added Pin To Net: NetName=VCC Pin=LED7-1
Added Pin To Net: NetName=VCC Pin=LED8-1
Change Net Name : Old Net Name=NetLED?_2 New Net Name=NetLED1_2
Added Pin To Net: NetName=NetLED2_2 Pin=LED2-2
Added Pin To Net: NetName=NetLED2_2 Pin=R3-2
Added Net: Name=NetLED2_2
Added Pin To Net: NetName=NetLED3_2 Pin=LED3-2
Added Pin To Net: NetName=NetLED3_2 Pin=R4-2
Added Net: Name=NetLED3_2
Added Pin To Net: NetName=NetLED4_2 Pin=LED4-2
Added Pin To Net: NetName=NetLED4_2 Pin=R5-2
Added Net: Name=NetLED4_2
Added Pin To Net: NetName=NetLED5_2 Pin=LED5-2
Added Pin To Net: NetName=NetLED5_2 Pin=R6-2
Added Net: Name=NetLED5_2
Added Pin To Net: NetName=NetLED6_2 Pin=LED6-2
Added Pin To Net: NetName=NetLED6_2 Pin=R7-2
Added Net: Name=NetLED6_2
Added Pin To Net: NetName=NetLED7_2 Pin=LED7-2
Added Pin To Net: NetName=NetLED7_2 Pin=R8-2
Added Net: Name=NetLED7_2
Added Pin To Net: NetName=NetLED8_2 Pin=LED8-2
Added Pin To Net: NetName=NetLED8_2 Pin=R9-2
Added Net: Name=NetLED8_2
Added Member To Class: ClassName=Sheet1 Member=Component LED1 LED
Added Member To Class: ClassName=Sheet1 Member=Component LED2 LED
Added Member To Class: ClassName=Sheet1 Member=Component LED3 LED
Added Member To Class: ClassName=Sheet1 Member=Component LED4 LED
Added Member To Class: ClassName=Sheet1 Member=Component LED5 LED
Added Member To Class: ClassName=Sheet1 Member=Component LED6 LED
Added Member To Class: ClassName=Sheet1 Member=Component LED7 LED
