Added Component: Designator=C1(0805C)
Added Component: Designator=C2(0805C)
Added Component: Designator=C3(RB470U)
Added Component: Designator=C4(RB470U)
Added Component: Designator=C5(0805C)
Added Component: Designator=C6(RAD-0.3)
Added Component: Designator=C7(RAD-0.3)
Added Component: Designator=C8(RAD-0.3)
Added Component: Designator=J1(USB-B)
Added Component: Designator=LED1(0805-LED)
Added Component: Designator=LED2(0805-LED)
Added Component: Designator=LED3(0805-LED)
Added Component: Designator=LED4(0805-LED)
Added Component: Designator=LED5(0805-LED)
Added Component: Designator=LED6(0805-LED)
Added Component: Designator=LED7(0805-LED)
Added Component: Designator=LED8(0805-LED)
Added Component: Designator=P1(HDR1X20)
Added Component: Designator=P2(HDR1X20)
Added Component: Designator=P?(HDR1X3)
Added Component: Designator=PA1(DIP9)
Added Component: Designator=R1(0805)
Added Component: Designator=R2(0805)
Added Component: Designator=R3(0805)
Added Component: Designator=R4(0805)
Added Component: Designator=R5(0805)
Added Component: Designator=R6(0805)
Added Component: Designator=R7(0805)
Added Component: Designator=R8(0805)
Added Component: Designator=R9(0805)
Added Component: Designator=R10(AXIAL-0.4)
Added Component: Designator=R11(AXIAL-0.4)
Added Component: Designator=SW1(SWD)
Added Component: Designator=U1(DIP40½ôËø×ù)
Added Component: Designator=U2(SOT95P270X110-5N)
Added Component: Designator=XTAL1(XTAL)
Added Pin To Net: NetName=+5 Pin=C6-2
Added Pin To Net: NetName=+5 Pin=J1-1
Added Pin To Net: NetName=+5 Pin=P1-1
Added Pin To Net: NetName=+5 Pin=P?-2
Added Pin To Net: NetName=+5 Pin=U1-40
Added Pin To Net: NetName=+5 Pin=U2-1
Added Pin To Net: NetName=+5 Pin=U2-3
Added Net: Name=+5
Added Pin To Net: NetName=GND Pin=C1-1
Added Pin To Net: NetName=GND Pin=C2-1
Added Pin To Net: NetName=GND Pin=C4-2
Added Pin To Net: NetName=GND Pin=C5-1
Added Pin To Net: NetName=GND Pin=C6-1
Added Pin To Net: NetName=GND Pin=C7-1
Added Pin To Net: NetName=GND Pin=C8-1
Added Pin To Net: NetName=GND Pin=J1-4
Added Pin To Net: NetName=GND Pin=J1-5
Added Pin To Net: NetName=GND Pin=J1-6
Added Pin To Net: NetName=GND Pin=P2-20
Added Pin To Net: NetName=GND Pin=P?-3
Added Pin To Net: NetName=GND Pin=R1-1
Added Pin To Net: NetName=GND Pin=R11-1
Added Pin To Net: NetName=GND Pin=U1-20
Added Pin To Net: NetName=GND Pin=U2-2
Added Net: Name=GND
Added Pin To Net: NetName=LED1 Pin=P2-1
Added Pin To Net: NetName=LED1 Pin=R2-1
Added Pin To Net: NetName=LED1 Pin=U1-1
Added Net: Name=LED1
Added Pin To Net: NetName=LED2 Pin=P2-2
Added Pin To Net: NetName=LED2 Pin=R3-1
Added Pin To Net: NetName=LED2 Pin=U1-2
Added Net: Name=LED2
Added Pin To Net: NetName=LED3 Pin=P2-3
Added Pin To Net: NetName=LED3 Pin=R4-1
Added Pin To Net: NetName=LED3 Pin=U1-3
Added Net: Name=LED3
Added Pin To Net: NetName=LED4 Pin=P2-4
Added Pin To Net: NetName=LED4 Pin=R5-1
Added Pin To Net: NetName=LED4 Pin=U1-4
Added Net: Name=LED4
Added Pin To Net: NetName=LED5 Pin=P2-5
Added Pin To Net: NetName=LED5 Pin=R6-1
Added Pin To Net: NetName=LED5 Pin=U1-5
Added Net: Name=LED5
Added Pin To Net: NetName=LED6 Pin=P2-6
Added Pin To Net: NetName=LED6 Pin=R7-1
Added Pin To Net: NetName=LED6 Pin=U1-6
Added Net: Name=LED6
Added Pin To Net: NetName=LED7 Pin=P2-7
Added Pin To Net: NetName=LED7 Pin=R8-1
Added Pin To Net: NetName=LED7 Pin=U1-7
Added Net: Name=LED7
Added Pin To Net: NetName=LED8 Pin=P2-8
Added Pin To Net: NetName=LED8 Pin=R9-1
Added Pin To Net: NetName=LED8 Pin=U1-8
Added Net: Name=LED8
Added Pin To Net: NetName=NetLED1_2 Pin=LED1-2
Added Pin To Net: NetName=NetLED1_2 Pin=R2-2
Added Net: Name=NetLED1_2
Added Pin To Net: NetName=NetLED2_2 Pin=LED2-2
Added Pin To Net: NetName=NetLED2_2 Pin=R3-2
Added Net: Name=NetLED2_2
Added Pin To Net: NetName=NetLED3_2 Pin=LED3-2
Added Pin To Net: NetName=NetLED3_2 Pin=R4-2
Added Net: Name=NetLED3_2
Added Pin To Net: NetName=NetLED4_2 Pin=LED4-2
Added Pin To Net: NetName=NetLED4_2 Pin=R5-2
Added Net: Name=NetLED4_2
Added Pin To Net: NetName=NetLED5_2 Pin=LED5-2
Added Pin To Net: NetName=NetLED5_2 Pin=R6-2
Added Net: Name=NetLED5_2
Added Pin To Net: NetName=NetLED6_2 Pin=LED6-2
Added Pin To Net: NetName=NetLED6_2 Pin=R7-2
Added Net: Name=NetLED6_2
Added Pin To Net: NetName=NetLED7_2 Pin=LED7-2
Added Pin To Net: NetName=NetLED7_2 Pin=R8-2
Added Net: Name=NetLED7_2
Added Pin To Net: NetName=NetLED8_2 Pin=LED8-2
Added Pin To Net: NetName=NetLED8_2 Pin=R9-2
Added Net: Name=NetLED8_2
Added Pin To Net: NetName=NetP1_10 Pin=P1-10
Added Pin To Net: NetName=NetP1_10 Pin=U1-31
Added Net: Name=NetP1_10
Added Pin To Net: NetName=NetP1_11 Pin=P1-11
Added Pin To Net: NetName=NetP1_11 Pin=U1-30
Added Net: Name=NetP1_11
Added Pin To Net: NetName=NetP1_12 Pin=P1-12
Added Pin To Net: NetName=NetP1_12 Pin=U1-29
Added Net: Name=NetP1_12
Added Pin To Net: NetName=NetP1_13 Pin=P1-13
Added Pin To Net: NetName=NetP1_13 Pin=U1-28
Added Net: Name=NetP1_13
Added Pin To Net: NetName=NetP1_14 Pin=P1-14
Added Pin To Net: NetName=NetP1_14 Pin=U1-27
Added Net: Name=NetP1_14
Added Pin To Net: NetName=NetP1_15 Pin=P1-15
Added Pin To Net: NetName=NetP1_15 Pin=U1-26
Added Net: Name=NetP1_15
Added Pin To Net: NetName=NetP1_16 Pin=P1-16
Added Pin To Net: NetName=NetP1_16 Pin=U1-25
Added Net: Name=NetP1_16
Added Pin To Net: NetName=NetP1_17 Pin=P1-17
Added Pin To Net: NetName=NetP1_17 Pin=U1-24
Added Net: Name=NetP1_17
Added Pin To Net: NetName=NetP1_18 Pin=P1-18
Added Pin To Net: NetName=NetP1_18 Pin=U1-23
Added Net: Name=NetP1_18
Added Pin To Net: NetName=NetP1_19 Pin=P1-19
Added Pin To Net: NetName=NetP1_19 Pin=U1-22
Added Net: Name=NetP1_19
Added Pin To Net: NetName=NetP1_20 Pin=P1-20
Added Pin To Net: NetName=NetP1_20 Pin=U1-21
Added Net: Name=NetP1_20
Added Pin To Net: NetName=NetP2_10 Pin=P2-10
Added Pin To Net: NetName=NetP2_10 Pin=U1-10
Added Net: Name=NetP2_10
Added Pin To Net: NetName=NetP2_11 Pin=P2-11
Added Pin To Net: NetName=NetP2_11 Pin=U1-11
Added Net: Name=NetP2_11
Added Pin To Net: NetName=NetP2_12 Pin=P2-12
Added Pin To Net: NetName=NetP2_12 Pin=U1-12
Added Net: Name=NetP2_12
Added Pin To Net: NetName=NetP2_13 Pin=P2-13
Added Pin To Net: NetName=NetP2_13 Pin=U1-13
Added Net: Name=NetP2_13
Added Pin To Net: NetName=NetP2_14 Pin=P2-14
Added Pin To Net: NetName=NetP2_14 Pin=U1-14
Added Net: Name=NetP2_14
Added Pin To Net: NetName=NetP2_15 Pin=P2-15
Added Pin To Net: NetName=NetP2_15 Pin=U1-15
Added Net: Name=NetP2_15
Added Pin To Net: NetName=NetP2_16 Pin=P2-16
Added Pin To Net: NetName=NetP2_16 Pin=U1-16
Added Net: Name=NetP2_16
Added Pin To Net: NetName=NetP2_17 Pin=P2-17
Added Pin To Net: NetName=NetP2_17 Pin=U1-17
Added Net: Name=NetP2_17
Added Pin To Net: NetName=NetR10_1 Pin=R10-1
Added Pin To Net: NetName=NetR10_1 Pin=R11-2
Added Pin To Net: NetName=NetR10_1 Pin=U2-4
Added Net: Name=NetR10_1
Added Pin To Net: NetName=P00 Pin=P1-2
Added Pin To Net: NetName=P00 Pin=PA1-2
Added Pin To Net: NetName=P00 Pin=U1-39
Added Net: Name=P00
Added Pin To Net: NetName=P01 Pin=P1-3
Added Pin To Net: NetName=P01 Pin=PA1-3
Added Pin To Net: NetName=P01 Pin=U1-38
Added Net: Name=P01
Added Pin To Net: NetName=P02 Pin=P1-4
Added Pin To Net: NetName=P02 Pin=PA1-4
Added Pin To Net: NetName=P02 Pin=U1-37
Added Net: Name=P02
Added Pin To Net: NetName=P03 Pin=P1-5
Added Pin To Net: NetName=P03 Pin=PA1-5
Added Pin To Net: NetName=P03 Pin=U1-36
Added Net: Name=P03
Added Pin To Net: NetName=P04 Pin=P1-6
Added Pin To Net: NetName=P04 Pin=PA1-6
Added Pin To Net: NetName=P04 Pin=U1-35
Added Net: Name=P04
Added Pin To Net: NetName=P05 Pin=P1-7
Added Pin To Net: NetName=P05 Pin=PA1-7
Added Pin To Net: NetName=P05 Pin=U1-34
Added Net: Name=P05
Added Pin To Net: NetName=P06 Pin=P1-8
Added Pin To Net: NetName=P06 Pin=PA1-8
Added Pin To Net: NetName=P06 Pin=U1-33
Added Net: Name=P06
Added Pin To Net: NetName=P07 Pin=P1-9
Added Pin To Net: NetName=P07 Pin=PA1-9
Added Pin To Net: NetName=P07 Pin=U1-32
Added Net: Name=P07
Added Pin To Net: NetName=RST Pin=C3-2
Added Pin To Net: NetName=RST Pin=P2-9
Added Pin To Net: NetName=RST Pin=R1-2
Added Pin To Net: NetName=RST Pin=SW1-1
Added Pin To Net: NetName=RST Pin=U1-9
Added Net: Name=RST
Added Pin To Net: NetName=VCC Pin=C3-1
Added Pin To Net: NetName=VCC Pin=C4-1
Added Pin To Net: NetName=VCC Pin=C5-2
Added Pin To Net: NetName=VCC Pin=C7-2
Added Pin To Net: NetName=VCC Pin=C8-2
Added Pin To Net: NetName=VCC Pin=LED1-1
Added Pin To Net: NetName=VCC Pin=LED2-1
Added Pin To Net: NetName=VCC Pin=LED3-1
Added Pin To Net: NetName=VCC Pin=LED4-1
Added Pin To Net: NetName=VCC Pin=LED5-1
Added Pin To Net: NetName=VCC Pin=LED6-1
Added Pin To Net: NetName=VCC Pin=LED7-1
Added Pin To Net: NetName=VCC Pin=LED8-1
Added Pin To Net: NetName=VCC Pin=P?-1
Added Pin To Net: NetName=VCC Pin=PA1-1
Added Pin To Net: NetName=VCC Pin=R10-2
Added Pin To Net: NetName=VCC Pin=SW1-2
Added Pin To Net: NetName=VCC Pin=U2-5
Added Net: Name=VCC
Added Pin To Net: NetName=X1 Pin=C1-2
Added Pin To Net: NetName=X1 Pin=P2-18
Added Pin To Net: NetName=X1 Pin=U1-18
Added Pin To Net: NetName=X1 Pin=XTAL1-2
Added Net: Name=X1
Added Pin To Net: NetName=X2 Pin=C2-2
Added Pin To Net: NetName=X2 Pin=P2-19
Added Pin To Net: NetName=X2 Pin=U1-19
Added Pin To Net: NetName=X2 Pin=XTAL1-1
Added Net: Name=X2
Added Class: Name=Sheet1
Added Room: Name=Sheet1
